<?xml version="1.0" encoding="UTF-8"?>
<testng-results ignored="0" total="1" passed="1" failed="0" skipped="0">
  <reporter-output>
  </reporter-output>
  <suite started-at="2020-10-20T23:59:39 EDT" name="firstpackage.FirstclassTest" finished-at="2020-10-20T23:59:39 EDT" duration-ms="45">
    <groups>
    </groups>
    <test started-at="2020-10-20T23:59:39 EDT" name="Command line test" finished-at="2020-10-20T23:59:39 EDT" duration-ms="45">
      <class name="firstpackage.FirstclassTest">
        <test-method signature="firstclasstest()[pri:0, instance:firstpackage.FirstclassTest@460d0a57]" started-at="2020-10-20T23:59:39 EDT" name="firstclasstest" finished-at="2020-10-20T23:59:39 EDT" duration-ms="5" status="PASS">
          <reporter-output>
          </reporter-output>
        </test-method> <!-- firstclasstest -->
      </class> <!-- firstpackage.FirstclassTest -->
    </test> <!-- Command line test -->
  </suite> <!-- firstpackage.FirstclassTest -->
</testng-results>
